Arguments: 
  /usr/local/bin/node /usr/bin/yarn

PATH: 
  /usr/local/bin:/usr/local/sbin:/usr/bin:/usr/lib/jvm/default/bin:/usr/bin/site_perl:/usr/bin/vendor_perl:/usr/bin/core_perl:/usr/lib/jvm/default/bin:/usr/bin/site_perl:/usr/bin/vendor_perl:/usr/bin/core_perl

Yarn version: 
  1.12.3

Node version: 
  10.13.0

Platform: 
  linux x64

Trace: 
  Error: ENOTEMPTY: directory not empty, rmdir '/mnt/9632E65332E6383F/Users/madha/Desktop/benyaBurnett/benyaBurnett-api/node_modules/.bin'

npm manifest: 
  {
    "name": "express-mongo-ts",
    "version": "1.0.0",
    "main": "index.js",
    "license": "MIT",
    "scripts": {
      "build": "rimraf ./build && tsc",
      "start": "nodemon --require ts-node/register ./src/index.ts",
      "tslint": "tslint -c tslint.json -p tsconfig.json",
      "serve": "node ./build/index.js",
      "seed": "node --require ts-node/register ./src/scripts/seedDB.ts",
      "pm2:production": "npm run build && npm run pm2 start ecosystem.json --env production"
    },
    "dependencies": {
      "@types/bcrypt": "^2.0.0",
      "@types/cors": "^2.8.4",
      "@types/jsonwebtoken": "^7.2.8",
      "@types/nodemailer": "^4.6.2",
      "@types/nodemailer-mailgun-transport": "^1.3.3",
      "bcrypt": "^2.0.1",
      "body-parser": "^1.18.3",
      "concurrently": "^3.5.1",
      "cors": "^2.8.4",
      "dotenv": "^6.0.0",
      "express": "^4.16.3",
      "http": "^0.0.0",
      "jsonwebtoken": "^8.3.0",
      "mongoose": "^5.1.5",
      "morgan": "^1.9.0",
      "nodemailer": "^4.6.7",
      "nodemailer-mailgun-transport": "^1.4.0",
      "pm2": "^3.0.3",
      "typescript": "^2.9.1"
    },
    "devDependencies": {
      "@types/body-parser": "^1.17.0",
      "@types/dotenv": "^4.0.3",
      "@types/express": "^4.16.0",
      "@types/mongoose": "^5.0.15",
      "@types/morgan": "^1.7.35",
      "nodemon": "^1.11.0",
      "rimraf": "^2.6.2",
      "ts-node": "^7.0.0",
      "tslint": "^5.11.0",
      "tslint-config-prettier": "^1.14.0"
    }
  }

yarn manifest: 
  No manifest

Lockfile: 
  No lockfile
